<?xml version="1.0" encoding="UTF-8"?>
<testng-results ignored="0" total="1" passed="1" failed="0" skipped="0">
  <reporter-output>
  </reporter-output>
  <suite started-at="2024-10-10T09:40:06 UTC" name="Default suite" finished-at="2024-10-10T09:40:09 UTC" duration-ms="3334">
    <groups>
    </groups>
    <test started-at="2024-10-10T09:40:06 UTC" name="Default test" finished-at="2024-10-10T09:40:09 UTC" duration-ms="3334">
      <class name="com.notes.updateUser">
        <test-method is-config="true" signature="login()[pri:0, instance:com.notes.updateUser@52bf72b5]" started-at="2024-10-10T09:40:06 UTC" name="login" finished-at="2024-10-10T09:40:09 UTC" duration-ms="3040" status="PASS">
          <reporter-output>
          </reporter-output>
        </test-method> <!-- login -->
        <test-method signature="logoutUser()[pri:0, instance:com.notes.updateUser@52bf72b5]" started-at="2024-10-10T09:40:09 UTC" name="logoutUser" finished-at="2024-10-10T09:40:09 UTC" duration-ms="243" status="PASS">
          <reporter-output>
          </reporter-output>
        </test-method> <!-- logoutUser -->
      </class> <!-- com.notes.updateUser -->
    </test> <!-- Default test -->
  </suite> <!-- Default suite -->
</testng-results>
